2024-12-23 14:32:22,626 - INFO - Loaded configuration values:
2024-12-23 14:32:22,626 - INFO - username: SCN_ADMIN
2024-12-23 14:32:22,626 - INFO - password: Welcome123!
2024-12-23 14:32:22,626 - INFO - servername: fa-epyt-test-saasfaprod1.fa.ocs.oraclecloud.com
2024-12-23 14:32:22,626 - INFO - profile_id: 300000015730132
2024-12-23 14:32:22,626 - INFO - plan_id: 300000015838445
2024-12-23 14:32:22,626 - INFO - accuracy_table_id: 300000015925166
2024-12-23 14:32:22,626 - INFO - top_offenders_table_id: 300000049968289
2024-12-23 14:32:22,626 - INFO - year_over_year_table_id: 300000050001375
2024-12-23 14:32:22,626 - INFO - parameters_input: {'FitValidationSensitivity': [0.5]}
2024-12-23 14:32:22,626 - INFO - number_of_top_offenders: 3
2024-12-23 14:32:22,626 - INFO - tune_by_wmape: On
2024-12-23 14:32:22,626 - INFO - base_wmape: 0.1526
2024-12-23 14:32:22,626 - INFO - base_bias: -0.0336
2024-12-23 14:32:22,626 - INFO - parameters_tuning_mode: Regular
2024-12-23 14:32:22,626 - INFO - tune_by_step: Off
2024-12-23 14:32:22,626 - INFO - CF_kinds_table_id: 300000049968529
2024-12-23 14:32:22,626 - INFO - kind_values_lst: [1, 2, 800]
2024-12-23 14:32:22,626 - INFO - Configure_best_kind_IDs_on_ODMC: Off
2024-12-23 14:32:22,626 - INFO - run_mode: Dummy
2024-12-23 14:32:22,626 - INFO - __________________________________________________________________________________________________________________________________________________
2024-12-23 14:32:25,110 - INFO - Dummy mode. Not launching plan runs, only generating reports.
2024-12-23 14:32:25,110 - INFO - profile.parameters_dict: {(0, 'FitValidationSensitivity'): [1]} 
2024-12-23 14:32:33,650 - ERROR - GET request error: 404 Client Error: Not Found for url: https://fa-epyt-test-saasfaprod1.fa.ocs.oraclecloud.com:443/fscmRestApi/resources/11.13.18.05/supplyChainPlans/300000015838445/child/PlanningTables/300000049968289/child/Data?finder=FindByFilter;Filter=W3siTGV2ZWwiOiAiQ3VzdG9tZXIiLCAiVmFsdWUiOiBbIkJTVF9XYWxtYXJ0IiwgIkJTVF9GYW1pbHkiXX0sIHsiTGV2ZWwiOiAiSXRlbSIsICJWYWx1ZSI6IFsiMjAwMDA3MTkiLCAiMjAwMDExOTEiLCAiRG9sbGFyLSBGYW1pbHkgV2VsbG5lc3MgMjAwMDExODQiXX1d
2024-12-23 14:32:34,618 - ERROR - GET request error: 404 Client Error: Not Found for url: https://fa-epyt-test-saasfaprod1.fa.ocs.oraclecloud.com:443/fscmRestApi/resources/11.13.18.05/supplyChainPlans/300000015838445/child/PlanningTables/300000049968289/child/Data?finder=FindByFilter;Filter=W3siTGV2ZWwiOiAiQ3VzdG9tZXIiLCAiVmFsdWUiOiBbIkJTVF9XYWxtYXJ0IiwgIkJTVF9GYW1pbHkiXX0sIHsiTGV2ZWwiOiAiSXRlbSIsICJWYWx1ZSI6IFsiMjAwMDA3MTkiLCAiMjAwMDExOTEiLCAiRG9sbGFyLSBGYW1pbHkgV2VsbG5lc3MgMjAwMDExODQiXX1d
2024-12-23 14:32:34,619 - WARNING - Get request failed for top offenders table URL. Please check the URL.
2024-12-23 14:32:35,595 - ERROR - GET request error: 404 Client Error: Not Found for url: https://fa-epyt-test-saasfaprod1.fa.ocs.oraclecloud.com:443/fscmRestApi/resources/11.13.18.05/supplyChainPlans/300000015838445/child/PlanningTables/300000050001375/child/Data
2024-12-23 14:32:35,595 - WARNING - Get request failed for Year Over Year table URL. Please check the URL (table ID needs to be vaild).
2024-12-23 14:32:36,665 - INFO - Current WMAPE: 0.7685320461148732, current Bias: 0.12026768958296101 
